
*** Running vivado
    with args -log Digital_Clock.vds -m64 -product Vivado -mode batch -messageDb vivado.pb -notrace -source Digital_Clock.tcl


ECHO is off.
ECHO is off.

****** Vivado v2023.1 (64-bit)
  **** SW Build 3865809 on Sun May  7 15:05:29 MDT 2023
  **** IP Build 3864474 on Sun May  7 20:36:21 MDT 2023
  **** SharedData Build 3865790 on Sun May 07 13:33:03 MDT 2023
    ** Copyright 1986-2022 Xilinx, Inc. All Rights Reserved.
    ** Copyright 2022-2023 Advanced Micro Devices, Inc. All Rights Reserved.

source Digital_Clock.tcl -notrace
create_project: Time (s): cpu = 00:00:07 ; elapsed = 00:00:07 . Memory (MB): peak = 447.984 ; gain = 163.223
Command: read_checkpoint -auto_incremental -incremental {C:/Users/ADITYA ABHILASH/Desktop/project_2/project_2.srcs/utils_1/imports/synth_1/Digital_Clock.dcp}
INFO: [Vivado 12-5825] Read reference checkpoint from C:/Users/ADITYA ABHILASH/Desktop/project_2/project_2.srcs/utils_1/imports/synth_1/Digital_Clock.dcp for incremental synthesis
INFO: [Vivado 12-7989] Please ensure there are no constraint changes
Command: synth_design -top Digital_Clock -part xc7a35tcpg236-1
Starting synth_design
Attempting to get a license for feature 'Synthesis' and/or device 'xc7a35t'
INFO: [Common 17-349] Got license for feature 'Synthesis' and/or device 'xc7a35t'
INFO: [Device 21-403] Loading part xc7a35tcpg236-1
INFO: [Designutils 20-5440] No compile time benefit to using incremental synthesis; A full resynthesis will be run
INFO: [Designutils 20-4379] Flow is switching to default flow due to incremental criteria not met. If you would like to alter this behaviour and have the flow terminate instead, please set the following parameter config_implementation {autoIncr.Synth.RejectBehavior Terminate}
INFO: [Synth 8-7079] Multithreading enabled for synth_design using a maximum of 2 processes.
INFO: [Synth 8-7078] Launching helper process for spawning children vivado processes
INFO: [Synth 8-7075] Helper process launched with PID 25104
INFO: [Synth 8-11241] undeclared symbol 'clkout', assumed default net type 'wire' [C:/Users/ADITYA ABHILASH/Desktop/project_2/project_2.srcs/sources_1/new/Digital_Clock.v:35]
---------------------------------------------------------------------------------
Starting RTL Elaboration : Time (s): cpu = 00:00:05 ; elapsed = 00:00:06 . Memory (MB): peak = 1265.324 ; gain = 410.938
---------------------------------------------------------------------------------
INFO: [Synth 8-6157] synthesizing module 'Digital_Clock' [C:/Users/ADITYA ABHILASH/Desktop/project_2/project_2.srcs/sources_1/new/Digital_Clock.v:3]
INFO: [Synth 8-6157] synthesizing module 'clkDivider' [C:/Users/ADITYA ABHILASH/Desktop/project_2/project_2.srcs/sources_1/imports/new/clkDivider.v:2]
INFO: [Synth 8-6155] done synthesizing module 'clkDivider' (0#1) [C:/Users/ADITYA ABHILASH/Desktop/project_2/project_2.srcs/sources_1/imports/new/clkDivider.v:2]
INFO: [Synth 8-6157] synthesizing module 'buttons' [C:/Users/ADITYA ABHILASH/Desktop/project_2/project_2.srcs/sources_1/new/buttons.v:3]
INFO: [Synth 8-6155] done synthesizing module 'buttons' (0#1) [C:/Users/ADITYA ABHILASH/Desktop/project_2/project_2.srcs/sources_1/new/buttons.v:3]
INFO: [Synth 8-155] case statement is not full and has no default [C:/Users/ADITYA ABHILASH/Desktop/project_2/project_2.srcs/sources_1/new/Digital_Clock.v:314]
INFO: [Synth 8-6155] done synthesizing module 'Digital_Clock' (0#1) [C:/Users/ADITYA ABHILASH/Desktop/project_2/project_2.srcs/sources_1/new/Digital_Clock.v:3]
---------------------------------------------------------------------------------
Finished RTL Elaboration : Time (s): cpu = 00:00:07 ; elapsed = 00:00:09 . Memory (MB): peak = 1358.371 ; gain = 503.984
---------------------------------------------------------------------------------
---------------------------------------------------------------------------------
Start Handling Custom Attributes
---------------------------------------------------------------------------------
---------------------------------------------------------------------------------
Finished Handling Custom Attributes : Time (s): cpu = 00:00:07 ; elapsed = 00:00:09 . Memory (MB): peak = 1358.371 ; gain = 503.984
---------------------------------------------------------------------------------
---------------------------------------------------------------------------------
Finished RTL Optimization Phase 1 : Time (s): cpu = 00:00:07 ; elapsed = 00:00:09 . Memory (MB): peak = 1358.371 ; gain = 503.984
---------------------------------------------------------------------------------
Netlist sorting complete. Time (s): cpu = 00:00:00 ; elapsed = 00:00:00.007 . Memory (MB): peak = 1358.371 ; gain = 0.000
INFO: [Project 1-570] Preparing netlist for logic optimization

Processing XDC Constraints
Initializing timing engine
Parsing XDC File [C:/Users/ADITYA ABHILASH/Desktop/project_2/project_2.srcs/constrs_1/new/Constraint.xdc]
CRITICAL WARNING: [Designutils 20-970] Unrecognized or unsupported command '7 segment display' found in constraint file. [C:/Users/ADITYA ABHILASH/Desktop/project_2/project_2.srcs/constrs_1/new/Constraint.xdc:83]
Finished Parsing XDC File [C:/Users/ADITYA ABHILASH/Desktop/project_2/project_2.srcs/constrs_1/new/Constraint.xdc]
INFO: [Project 1-236] Implementation specific constraints were found while reading constraint file [C:/Users/ADITYA ABHILASH/Desktop/project_2/project_2.srcs/constrs_1/new/Constraint.xdc]. These constraints will be ignored for synthesis but will be used in implementation. Impacted constraints are listed in the file [.Xil/Digital_Clock_propImpl.xdc].
Resolution: To avoid this warning, move constraints listed in [.Xil/Digital_Clock_propImpl.xdc] to another XDC file and exclude this new file from synthesis with the used_in_synthesis property (File Properties dialog in GUI) and re-run elaboration/synthesis.
Completed Processing XDC Constraints

Netlist sorting complete. Time (s): cpu = 00:00:00 ; elapsed = 00:00:00 . Memory (MB): peak = 1423.188 ; gain = 0.000
INFO: [Project 1-111] Unisim Transformation Summary:
No Unisim elements were transformed.

Constraint Validation Runtime : Time (s): cpu = 00:00:00 ; elapsed = 00:00:00.004 . Memory (MB): peak = 1423.188 ; gain = 0.000
INFO: [Designutils 20-5440] No compile time benefit to using incremental synthesis; A full resynthesis will be run
INFO: [Designutils 20-4379] Flow is switching to default flow due to incremental criteria not met. If you would like to alter this behaviour and have the flow terminate instead, please set the following parameter config_implementation {autoIncr.Synth.RejectBehavior Terminate}
---------------------------------------------------------------------------------
Finished Constraint Validation : Time (s): cpu = 00:00:14 ; elapsed = 00:00:18 . Memory (MB): peak = 1423.188 ; gain = 568.801
---------------------------------------------------------------------------------
---------------------------------------------------------------------------------
Start Loading Part and Timing Information
---------------------------------------------------------------------------------
Loading part: xc7a35tcpg236-1
---------------------------------------------------------------------------------
Finished Loading Part and Timing Information : Time (s): cpu = 00:00:14 ; elapsed = 00:00:18 . Memory (MB): peak = 1423.188 ; gain = 568.801
---------------------------------------------------------------------------------
---------------------------------------------------------------------------------
Start Applying 'set_property' XDC Constraints
---------------------------------------------------------------------------------
---------------------------------------------------------------------------------
Finished applying 'set_property' XDC Constraints : Time (s): cpu = 00:00:14 ; elapsed = 00:00:18 . Memory (MB): peak = 1423.188 ; gain = 568.801
---------------------------------------------------------------------------------
WARNING: [Synth 8-327] inferring latch for variable 'Cathode_Activation_reg' [C:/Users/ADITYA ABHILASH/Desktop/project_2/project_2.srcs/sources_1/new/Digital_Clock.v:315]
---------------------------------------------------------------------------------
Finished RTL Optimization Phase 2 : Time (s): cpu = 00:00:15 ; elapsed = 00:00:18 . Memory (MB): peak = 1423.188 ; gain = 568.801
---------------------------------------------------------------------------------
---------------------------------------------------------------------------------
Start RTL Component Statistics 
---------------------------------------------------------------------------------
Detailed RTL Component Info : 
+---Adders : 
	   2 Input   32 Bit       Adders := 1     
	   2 Input    6 Bit       Adders := 9     
	   2 Input    5 Bit       Adders := 4     
+---Registers : 
	               32 Bit    Registers := 1     
	                6 Bit    Registers := 7     
	                5 Bit    Registers := 3     
	                1 Bit    Registers := 12    
+---Muxes : 
	   2 Input    6 Bit        Muxes := 13    
	   2 Input    5 Bit        Muxes := 4     
	   4 Input    4 Bit        Muxes := 2     
	   2 Input    1 Bit        Muxes := 10    
	   3 Input    1 Bit        Muxes := 2     
---------------------------------------------------------------------------------
Finished RTL Component Statistics 
---------------------------------------------------------------------------------
---------------------------------------------------------------------------------
Start Part Resource Summary
---------------------------------------------------------------------------------
Part Resources:
DSPs: 90 (col length:60)
BRAMs: 100 (col length: RAMB18 60 RAMB36 30)
---------------------------------------------------------------------------------
Finished Part Resource Summary
---------------------------------------------------------------------------------
---------------------------------------------------------------------------------
Start Cross Boundary and Area Optimization
---------------------------------------------------------------------------------
WARNING: [Synth 8-7080] Parallel synthesis criteria is not met
WARNING: [Synth 8-3332] Sequential element (Cathode_Activation_reg[6]) is unused and will be removed from module Digital_Clock.
WARNING: [Synth 8-3332] Sequential element (Cathode_Activation_reg[5]) is unused and will be removed from module Digital_Clock.
WARNING: [Synth 8-3332] Sequential element (Cathode_Activation_reg[4]) is unused and will be removed from module Digital_Clock.
WARNING: [Synth 8-3332] Sequential element (Cathode_Activation_reg[3]) is unused and will be removed from module Digital_Clock.
WARNING: [Synth 8-3332] Sequential element (Cathode_Activation_reg[2]) is unused and will be removed from module Digital_Clock.
WARNING: [Synth 8-3332] Sequential element (Cathode_Activation_reg[1]) is unused and will be removed from module Digital_Clock.
WARNING: [Synth 8-3332] Sequential element (Cathode_Activation_reg[0]) is unused and will be removed from module Digital_Clock.
---------------------------------------------------------------------------------
Finished Cross Boundary and Area Optimization : Time (s): cpu = 00:00:22 ; elapsed = 00:00:28 . Memory (MB): peak = 1423.188 ; gain = 568.801
---------------------------------------------------------------------------------
---------------------------------------------------------------------------------
Start Applying XDC Timing Constraints
---------------------------------------------------------------------------------
---------------------------------------------------------------------------------
Finished Applying XDC Timing Constraints : Time (s): cpu = 00:00:29 ; elapsed = 00:00:35 . Memory (MB): peak = 1423.188 ; gain = 568.801
---------------------------------------------------------------------------------
---------------------------------------------------------------------------------
Start Timing Optimization
---------------------------------------------------------------------------------
---------------------------------------------------------------------------------
Finished Timing Optimization : Time (s): cpu = 00:00:29 ; elapsed = 00:00:35 . Memory (MB): peak = 1423.188 ; gain = 568.801
---------------------------------------------------------------------------------
---------------------------------------------------------------------------------
Start Technology Mapping
---------------------------------------------------------------------------------
---------------------------------------------------------------------------------
Finished Technology Mapping : Time (s): cpu = 00:00:29 ; elapsed = 00:00:35 . Memory (MB): peak = 1423.188 ; gain = 568.801
---------------------------------------------------------------------------------
---------------------------------------------------------------------------------
Start IO Insertion
---------------------------------------------------------------------------------
---------------------------------------------------------------------------------
Start Flattening Before IO Insertion
---------------------------------------------------------------------------------
---------------------------------------------------------------------------------
Finished Flattening Before IO Insertion
---------------------------------------------------------------------------------
---------------------------------------------------------------------------------
Start Final Netlist Cleanup
---------------------------------------------------------------------------------
---------------------------------------------------------------------------------
Finished Final Netlist Cleanup
---------------------------------------------------------------------------------
---------------------------------------------------------------------------------
Finished IO Insertion : Time (s): cpu = 00:00:34 ; elapsed = 00:00:41 . Memory (MB): peak = 1423.188 ; gain = 568.801
---------------------------------------------------------------------------------
---------------------------------------------------------------------------------
Start Renaming Generated Instances
---------------------------------------------------------------------------------
---------------------------------------------------------------------------------
Finished Renaming Generated Instances : Time (s): cpu = 00:00:34 ; elapsed = 00:00:41 . Memory (MB): peak = 1423.188 ; gain = 568.801
---------------------------------------------------------------------------------
---------------------------------------------------------------------------------
Start Rebuilding User Hierarchy
---------------------------------------------------------------------------------
---------------------------------------------------------------------------------
Finished Rebuilding User Hierarchy : Time (s): cpu = 00:00:34 ; elapsed = 00:00:41 . Memory (MB): peak = 1423.188 ; gain = 568.801
---------------------------------------------------------------------------------
---------------------------------------------------------------------------------
Start Renaming Generated Ports
---------------------------------------------------------------------------------
---------------------------------------------------------------------------------
Finished Renaming Generated Ports : Time (s): cpu = 00:00:34 ; elapsed = 00:00:41 . Memory (MB): peak = 1423.188 ; gain = 568.801
---------------------------------------------------------------------------------
---------------------------------------------------------------------------------
Start Handling Custom Attributes
---------------------------------------------------------------------------------
---------------------------------------------------------------------------------
Finished Handling Custom Attributes : Time (s): cpu = 00:00:35 ; elapsed = 00:00:41 . Memory (MB): peak = 1423.188 ; gain = 568.801
---------------------------------------------------------------------------------
---------------------------------------------------------------------------------
Start Renaming Generated Nets
---------------------------------------------------------------------------------
---------------------------------------------------------------------------------
Finished Renaming Generated Nets : Time (s): cpu = 00:00:35 ; elapsed = 00:00:41 . Memory (MB): peak = 1423.188 ; gain = 568.801
---------------------------------------------------------------------------------
---------------------------------------------------------------------------------
Start Writing Synthesis Report
---------------------------------------------------------------------------------

Report BlackBoxes: 
+-+--------------+----------+
| |BlackBox name |Instances |
+-+--------------+----------+
+-+--------------+----------+

Report Cell Usage: 
+------+-------+------+
|      |Cell   |Count |
+------+-------+------+
|1     |BUFG   |     2|
|2     |CARRY4 |    13|
|3     |LUT1   |    12|
|4     |LUT2   |    23|
|5     |LUT3   |    16|
|6     |LUT4   |    21|
|7     |LUT5   |    29|
|8     |LUT6   |    82|
|9     |FDCE   |    77|
|10    |FDRE   |    44|
|11    |IBUF   |    18|
|12    |OBUF   |    18|
+------+-------+------+
---------------------------------------------------------------------------------
Finished Writing Synthesis Report : Time (s): cpu = 00:00:35 ; elapsed = 00:00:41 . Memory (MB): peak = 1423.188 ; gain = 568.801
---------------------------------------------------------------------------------
Synthesis finished with 0 errors, 0 critical warnings and 9 warnings.
Synthesis Optimization Runtime : Time (s): cpu = 00:00:26 ; elapsed = 00:00:39 . Memory (MB): peak = 1423.188 ; gain = 503.984
Synthesis Optimization Complete : Time (s): cpu = 00:00:35 ; elapsed = 00:00:41 . Memory (MB): peak = 1423.188 ; gain = 568.801
INFO: [Project 1-571] Translating synthesized netlist
Netlist sorting complete. Time (s): cpu = 00:00:00 ; elapsed = 00:00:00.003 . Memory (MB): peak = 1423.188 ; gain = 0.000
INFO: [Netlist 29-17] Analyzing 13 Unisim elements for replacement
INFO: [Netlist 29-28] Unisim Transformation completed in 0 CPU seconds
INFO: [Project 1-570] Preparing netlist for logic optimization
INFO: [Opt 31-138] Pushed 0 inverter(s) to 0 load pin(s).
Netlist sorting complete. Time (s): cpu = 00:00:00 ; elapsed = 00:00:00 . Memory (MB): peak = 1423.188 ; gain = 0.000
INFO: [Project 1-111] Unisim Transformation Summary:
No Unisim elements were transformed.

Synth Design complete | Checksum: 4f77225d
INFO: [Common 17-83] Releasing license: Synthesis
29 Infos, 9 Warnings, 1 Critical Warnings and 0 Errors encountered.
synth_design completed successfully
synth_design: Time (s): cpu = 00:00:39 ; elapsed = 00:00:47 . Memory (MB): peak = 1423.188 ; gain = 951.328
INFO: [runtcl-6] Synthesis results are not added to the cache due to CRITICAL_WARNING
INFO: [Common 17-1381] The checkpoint 'C:/Users/ADITYA ABHILASH/Desktop/project_2/project_2.runs/synth_1/Digital_Clock.dcp' has been generated.
INFO: [runtcl-4] Executing : report_utilization -file Digital_Clock_utilization_synth.rpt -pb Digital_Clock_utilization_synth.pb
INFO: [Common 17-206] Exiting Vivado at Sun Apr 14 00:06:48 2024...
